<?xml version="1.0" encoding="UTF-8"?>
<!-- Generated by org.testng.reporters.JUnitReportReporter -->
<testsuite hostname="Shaik_Enna" failures="0" tests="1" name="TestCases.TC005_AddWishList" time="3.897" errors="0" timestamp="2025-04-25T22:26:33 IST" skipped="0">
  <testcase classname="TestCases.TC005_AddWishList" name="Func_WishList" time="3.897"/>
</testsuite> <!-- TestCases.TC005_AddWishList -->
