<?xml version="1.0" encoding="UTF-8"?>
<!-- Generated by org.testng.reporters.JUnitReportReporter -->
<testsuite hostname="Shaik_Enna" failures="0" tests="1" name="TestCases.TC006_TakingScreenShots_Logo" time="1.177" errors="0" timestamp="2025-08-31T21:41:35 IST" skipped="0">
  <testcase classname="TestCases.TC006_TakingScreenShots_Logo" name="takeSnap_Logo" time="1.177"/>
</testsuite> <!-- TestCases.TC006_TakingScreenShots_Logo -->
