<?xml version="1.0" encoding="UTF-8"?>
<!-- Generated by org.testng.reporters.JUnitReportReporter -->
<testsuite hostname="DESKTOP-9QG1D7K" failures="0" tests="1" name="TestCases.TC002_LoginofAccount" time="1.292" errors="0" timestamp="2024-09-14T12:14:23 IST" skipped="0">
  <testcase classname="TestCases.TC002_LoginofAccount" name="ValitationofLogin" time="1.292"/>
</testsuite> <!-- TestCases.TC002_LoginofAccount -->
